  lib.c
c:\users\даша\source\repos\ststudent\ststudent\lib.c(29): warning C4013: getch: нет определения; предполагается "extern" с возвратом типа "int"
c:\users\даша\source\repos\ststudent\ststudent\lib.c(47): warning C4133: =: несовместимые типы - из "StudentEntry *" в "StudentEntry *"
c:\users\даша\source\repos\ststudent\ststudent\lib.c(92): warning C4133: =: несовместимые типы - из "StudentEntry *" в "StudentEntry *"
c:\users\даша\source\repos\ststudent\ststudent\lib.c(106): warning C4133: =: несовместимые типы - из "StudentEntry *" в "StudentEntry *"
c:\users\даша\source\repos\ststudent\ststudent\lib.c(119): warning C4133: =: несовместимые типы - из "StudentEntry *" в "StudentEntry *"
c:\users\даша\source\repos\ststudent\ststudent\lib.c(146): warning C4133: =: несовместимые типы - из "StudentEntry *" в "StudentEntry *"
c:\users\даша\source\repos\ststudent\ststudent\lib.c(206): warning C4133: =: несовместимые типы - из "StudentEntry *" в "StudentEntry *"
c:\users\даша\source\repos\ststudent\ststudent\lib.c(242): warning C4133: =: несовместимые типы - из "StudentEntry *" в "StudentEntry *"
c:\users\даша\source\repos\ststudent\ststudent\lib.c(275): warning C4101: student: неиспользованная локальная переменная
c:\users\даша\source\repos\ststudent\ststudent\lib.c(289): warning C4133: =: несовместимые типы - из "StudentEntry *" в "StudentEntry *"
c:\users\даша\source\repos\ststudent\ststudent\lib.c(294): warning C4133: ==: несовместимые типы - из "StudentEntry *" в "StudentEntry *"
c:\users\даша\source\repos\ststudent\ststudent\lib.c(298): warning C4133: =: несовместимые типы - из "StudentEntry *" в "StudentEntry *"
c:\users\даша\source\repos\ststudent\ststudent\lib.c(314): warning C4133: =: несовместимые типы - из "StudentEntry *" в "StudentEntry *"
c:\users\даша\source\repos\ststudent\ststudent\lib.c(323): warning C4133: =: несовместимые типы - из "StudentEntry *" в "StudentEntry *"
c:\users\даша\source\repos\ststudent\ststudent\lib.c(333): warning C4133: =: несовместимые типы - из "StudentEntry *" в "StudentEntry *"
c:\users\даша\source\repos\ststudent\ststudent\lib.c(347): warning C4133: =: несовместимые типы - из "StudentEntry *" в "StudentEntry *"
c:\users\даша\source\repos\ststudent\ststudent\lib.c(400): warning C4133: =: несовместимые типы - из "StudentEntry *" в "StudentEntry *"
c:\users\даша\source\repos\ststudent\ststudent\lib.c(412): warning C4013: _access: нет определения; предполагается "extern" с возвратом типа "int"
  StStudent.vcxproj -> C:\Users\Даша\source\repos\StStudent\Debug\StStudent.exe
